

Date:2020-09-18 11:44:11,036
Thread:[1]
Level:ERROR
Logger:Syncfusion.Xamarin.ItemTemplate.SyncfusionXamarinMenu                         [(null)]
Message:System.IO.FileNotFoundException: Could not find file 'C:\Users\Lucca\Documents\GitHub\Cross-Check\XStock\SeeSharply\SeeSharply.csproj'.
File name: 'C:\Users\Lucca\Documents\GitHub\Cross-Check\XStock\SeeSharply\SeeSharply.csproj'
   at System.IO.__Error.WinIOError(Int32 errorCode, String maybeFullPath)
   at System.IO.FileStream.Init(String path, FileMode mode, FileAccess access, Int32 rights, Boolean useRights, FileShare share, Int32 bufferSize, FileOptions options, SECURITY_ATTRIBUTES secAttrs, String msgPath, Boolean bFromProxy, Boolean useLongPath, Boolean checkHost)
   at System.IO.FileStream..ctor(String path, FileMode mode, FileAccess access, FileShare share, Int32 bufferSize, FileOptions options, String msgPath, Boolean bFromProxy, Boolean useLongPath, Boolean checkHost)
   at System.IO.StreamReader..ctor(String path, Encoding encoding, Boolean detectEncodingFromByteOrderMarks, Int32 bufferSize, Boolean checkHost)
   at System.IO.File.InternalReadAllText(String path, Encoding encoding, Boolean checkHost)
   at System.IO.File.ReadAllText(String path)
   at Syncfusion.Xamarin.ItemTemplate.SyncfusionXamarinMenu.IsXamarinProject() in D:\3\development\xamarin-item-template\Syncfusion.Xamarin.ItemTemplate\SyncfusionXamarinMenu.cs:line 194
   at Syncfusion.Xamarin.ItemTemplate.SyncfusionXamarinMenu.SyncfusionXamarinItemMenu_BeforeQueryStatus(Object sender, EventArgs args) in D:\3\development\xamarin-item-template\Syncfusion.Xamarin.ItemTemplate\SyncfusionXamarinMenu.cs:line 152


Date:2020-09-18 11:44:12,516
Thread:[1]
Level:ERROR
Logger:Syncfusion.Xamarin.ItemTemplate.SyncfusionXamarinMenu                         [(null)]
Message:System.IO.FileNotFoundException: Could not find file 'C:\Users\Lucca\Documents\GitHub\Cross-Check\XStock\SeeSharply\SeeSharply.csproj'.
File name: 'C:\Users\Lucca\Documents\GitHub\Cross-Check\XStock\SeeSharply\SeeSharply.csproj'
   at System.IO.__Error.WinIOError(Int32 errorCode, String maybeFullPath)
   at System.IO.FileStream.Init(String path, FileMode mode, FileAccess access, Int32 rights, Boolean useRights, FileShare share, Int32 bufferSize, FileOptions options, SECURITY_ATTRIBUTES secAttrs, String msgPath, Boolean bFromProxy, Boolean useLongPath, Boolean checkHost)
   at System.IO.FileStream..ctor(String path, FileMode mode, FileAccess access, FileShare share, Int32 bufferSize, FileOptions options, String msgPath, Boolean bFromProxy, Boolean useLongPath, Boolean checkHost)
   at System.IO.StreamReader..ctor(String path, Encoding encoding, Boolean detectEncodingFromByteOrderMarks, Int32 bufferSize, Boolean checkHost)
   at System.IO.File.InternalReadAllText(String path, Encoding encoding, Boolean checkHost)
   at System.IO.File.ReadAllText(String path)
   at Syncfusion.Xamarin.ItemTemplate.SyncfusionXamarinMenu.IsXamarinProject() in D:\3\development\xamarin-item-template\Syncfusion.Xamarin.ItemTemplate\SyncfusionXamarinMenu.cs:line 194
   at Syncfusion.Xamarin.ItemTemplate.SyncfusionXamarinMenu.SyncfusionXamarinItemMenu_BeforeQueryStatus(Object sender, EventArgs args) in D:\3\development\xamarin-item-template\Syncfusion.Xamarin.ItemTemplate\SyncfusionXamarinMenu.cs:line 152
